<?xml version="1.0" encoding="UTF-8"?>
<testsuite name="com.myprojects.spring.productstore.product.api.ProductControllerEnd2EndApiTest" tests="5" skipped="0" failures="0" errors="0" timestamp="2018-12-08T01:32:21" hostname="htfmac.local" time="0.282">
  <properties/>
  <testcase name="verifyAndDocumentReadProductSuccessfully()" classname="com.myprojects.spring.productstore.product.api.ProductControllerEnd2EndApiTest" time="0.054"/>
  <testcase name="verifyAndDocumentReadProductsSuccessfully()" classname="com.myprojects.spring.productstore.product.api.ProductControllerEnd2EndApiTest" time="0.035"/>
  <testcase name="verifyAndDocumentCreateProductSuccessfully()" classname="com.myprojects.spring.productstore.product.api.ProductControllerEnd2EndApiTest" time="0.044"/>
  <testcase name="verifyAndDocumentUpdateProductSuccessfully()" classname="com.myprojects.spring.productstore.product.api.ProductControllerEnd2EndApiTest" time="0.052"/>
  <testcase name="verifyAndDocumentReadProductsSuccessfullyWithPageable()" classname="com.myprojects.spring.productstore.product.api.ProductControllerEnd2EndApiTest" time="0.093"/>
  <system-out><![CDATA[2018-12-08 01:32:04.964  INFO 19095 --- [    Test worker] .b.t.c.SpringBootTestContextBootstrapper : Neither @ContextConfiguration nor @ContextHierarchy found for test class [com.myprojects.spring.productstore.product.api.ProductControllerEnd2EndApiTest], using SpringBootContextLoader
2018-12-08 01:32:04.966  INFO 19095 --- [    Test worker] o.s.t.c.support.AbstractContextLoader    : Could not detect default resource locations for test class [com.myprojects.spring.productstore.product.api.ProductControllerEnd2EndApiTest]: no resource found for suffixes {-context.xml, Context.groovy}.
2018-12-08 01:32:04.966  INFO 19095 --- [    Test worker] t.c.s.AnnotationConfigContextLoaderUtils : Could not detect default configuration classes for test class [com.myprojects.spring.productstore.product.api.ProductControllerEnd2EndApiTest]: ProductControllerEnd2EndApiTest does not declare any static, non-private, non-final, nested classes annotated with @Configuration.
2018-12-08 01:32:05.020  INFO 19095 --- [    Test worker] .b.t.c.SpringBootTestContextBootstrapper : Found @SpringBootConfiguration com.myprojects.spring.productstore.StoreApplication for test class com.myprojects.spring.productstore.product.api.ProductControllerEnd2EndApiTest
2018-12-08 01:32:05.030  INFO 19095 --- [    Test worker] .b.t.c.SpringBootTestContextBootstrapper : Loaded default TestExecutionListener class names from location [META-INF/spring.factories]: [org.springframework.boot.test.autoconfigure.restdocs.RestDocsTestExecutionListener, org.springframework.boot.test.autoconfigure.web.client.MockRestServiceServerResetTestExecutionListener, org.springframework.boot.test.autoconfigure.web.servlet.MockMvcPrintOnlyOnFailureTestExecutionListener, org.springframework.boot.test.autoconfigure.web.servlet.WebDriverTestExecutionListener, org.springframework.boot.test.mock.mockito.MockitoTestExecutionListener, org.springframework.boot.test.mock.mockito.ResetMocksTestExecutionListener, org.springframework.test.context.web.ServletTestExecutionListener, org.springframework.test.context.support.DirtiesContextBeforeModesTestExecutionListener, org.springframework.test.context.support.DependencyInjectionTestExecutionListener, org.springframework.test.context.support.DirtiesContextTestExecutionListener, org.springframework.test.context.transaction.TransactionalTestExecutionListener, org.springframework.test.context.jdbc.SqlScriptsTestExecutionListener]
2018-12-08 01:32:05.030  INFO 19095 --- [    Test worker] .b.t.c.SpringBootTestContextBootstrapper : Using TestExecutionListeners: [org.springframework.test.context.web.ServletTestExecutionListener@7f2cb8ad, org.springframework.test.context.support.DirtiesContextBeforeModesTestExecutionListener@774384e2, org.springframework.boot.test.mock.mockito.MockitoTestExecutionListener@18c2abc4, org.springframework.boot.test.autoconfigure.SpringBootDependencyInjectionTestExecutionListener@402a4566, org.springframework.test.context.support.DirtiesContextTestExecutionListener@5a59641e, org.springframework.test.context.transaction.TransactionalTestExecutionListener@31d69f23, org.springframework.test.context.jdbc.SqlScriptsTestExecutionListener@3cc79e56, org.springframework.boot.test.autoconfigure.restdocs.RestDocsTestExecutionListener@2e54eddd, org.springframework.boot.test.autoconfigure.web.client.MockRestServiceServerResetTestExecutionListener@3fbc159d, org.springframework.boot.test.autoconfigure.web.servlet.MockMvcPrintOnlyOnFailureTestExecutionListener@3a96bace, org.springframework.boot.test.autoconfigure.web.servlet.WebDriverTestExecutionListener@3aa3a6e4, org.springframework.boot.test.mock.mockito.ResetMocksTestExecutionListener@33909e68]

  .   ____          _            __ _ _
 /\\ / ___'_ __ _ _(_)_ __  __ _ \ \ \ \
( ( )\___ | '_ | '_| | '_ \/ _` | \ \ \ \
 \\/  ___)| |_)| | | | | || (_| |  ) ) ) )
  '  |____| .__|_| |_|_| |_\__, | / / / /
 =========|_|==============|___/=/_/_/_/
 :: Spring Boot ::        (v2.1.1.RELEASE)

2018-12-08 01:32:20.126  INFO 19095 --- [    Test worker] .s.p.p.a.ProductControllerEnd2EndApiTest : Starting ProductControllerEnd2EndApiTest on htfmac.local with PID 19095 (started by htfonseca in /Users/htfonseca/Documents/MyProjects/spring/productstore)
2018-12-08 01:32:20.127  INFO 19095 --- [    Test worker] .s.p.p.a.ProductControllerEnd2EndApiTest : No active profile set, falling back to default profiles: default
2018-12-08 01:32:20.343  INFO 19095 --- [    Test worker] .s.d.r.c.RepositoryConfigurationDelegate : Bootstrapping Spring Data repositories in DEFAULT mode.
2018-12-08 01:32:20.359  INFO 19095 --- [    Test worker] .s.d.r.c.RepositoryConfigurationDelegate : Finished Spring Data repository scanning in 16ms. Found 2 repository interfaces.
2018-12-08 01:32:20.429  INFO 19095 --- [    Test worker] trationDelegate$BeanPostProcessorChecker : Bean 'org.springframework.transaction.annotation.ProxyTransactionManagementConfiguration' of type [org.springframework.transaction.annotation.ProxyTransactionManagementConfiguration$$EnhancerBySpringCGLIB$$250fecb] is not eligible for getting processed by all BeanPostProcessors (for example: not eligible for auto-proxying)
2018-12-08 01:32:20.440  INFO 19095 --- [    Test worker] trationDelegate$BeanPostProcessorChecker : Bean 'org.springframework.hateoas.config.HateoasConfiguration' of type [org.springframework.hateoas.config.HateoasConfiguration$$EnhancerBySpringCGLIB$$81d14bfd] is not eligible for getting processed by all BeanPostProcessors (for example: not eligible for auto-proxying)
2018-12-08 01:32:20.493  INFO 19095 --- [    Test worker] com.zaxxer.hikari.HikariDataSource       : HikariPool-2 - Starting...
2018-12-08 01:32:20.494  INFO 19095 --- [    Test worker] com.zaxxer.hikari.HikariDataSource       : HikariPool-2 - Start completed.
2018-12-08 01:32:20.512  INFO 19095 --- [    Test worker] o.hibernate.jpa.internal.util.LogHelper  : HHH000204: Processing PersistenceUnitInfo [
	name: default
	...]
2018-12-08 01:32:20.517  INFO 19095 --- [    Test worker] org.hibernate.dialect.Dialect            : HHH000400: Using dialect: org.hibernate.dialect.H2Dialect
Hibernate: 
    
    alter table product 
       drop constraint if exists UK_Product_Identifier
Hibernate: 
    
    alter table product 
       add constraint UK_Product_Identifier unique (identifier)
Hibernate: 
    
    alter table productorder 
       drop constraint if exists Order
Hibernate: 
    
    alter table productorder 
       add constraint Order unique (identifier)
2018-12-08 01:32:20.601  INFO 19095 --- [    Test worker] j.LocalContainerEntityManagerFactoryBean : Initialized JPA EntityManagerFactory for persistence unit 'default'
2018-12-08 01:32:20.909  INFO 19095 --- [    Test worker] o.s.s.concurrent.ThreadPoolTaskExecutor  : Initializing ExecutorService 'applicationTaskExecutor'
2018-12-08 01:32:20.919  WARN 19095 --- [    Test worker] aWebConfiguration$JpaWebMvcConfiguration : spring.jpa.open-in-view is enabled by default. Therefore, database queries may be performed during view rendering. Explicitly configure spring.jpa.open-in-view to disable this warning
2018-12-08 01:32:21.169  INFO 19095 --- [    Test worker] o.s.b.t.m.w.SpringBootMockServletContext : Initializing Spring TestDispatcherServlet ''
2018-12-08 01:32:21.169  INFO 19095 --- [    Test worker] o.s.t.web.servlet.TestDispatcherServlet  : Initializing Servlet ''
2018-12-08 01:32:21.176  INFO 19095 --- [    Test worker] o.s.t.web.servlet.TestDispatcherServlet  : Completed initialization in 7 ms
2018-12-08 01:32:21.190  INFO 19095 --- [    Test worker] .s.p.p.a.ProductControllerEnd2EndApiTest : Started ProductControllerEnd2EndApiTest in 16.151 seconds (JVM running for 54.45)
Hibernate: 
    call next value for hibernate_sequence
Hibernate: 
    /* insert com.myprojects.spring.productstore.product.model.Product
        */ insert 
        into
            product
            (identifier, name, price, id) 
        values
            (?, ?, ?, ?)
Hibernate: 
    call next value for hibernate_sequence
Hibernate: 
    /* insert com.myprojects.spring.productstore.product.model.Product
        */ insert 
        into
            product
            (identifier, name, price, id) 
        values
            (?, ?, ?, ?)
Hibernate: 
    call next value for hibernate_sequence
Hibernate: 
    /* insert com.myprojects.spring.productstore.product.model.Product
        */ insert 
        into
            product
            (identifier, name, price, id) 
        values
            (?, ?, ?, ?)
2018-12-08 01:32:21.206  INFO 19095 --- [    Test worker] o.h.h.i.QueryTranslatorFactoryInitiator  : HHH000397: Using ASTQueryTranslatorFactory
Hibernate: 
    /* select
        generatedAlias0 
    from
        Product as generatedAlias0 */ select
            product0_.id as id1_0_,
            product0_.identifier as identifi2_0_,
            product0_.name as name3_0_,
            product0_.price as price4_0_ 
        from
            product product0_
Hibernate: 
    /* select
        generatedAlias0 
    from
        Product as generatedAlias0 
    where
        generatedAlias0.identifier=:param0 */ select
            product0_.id as id1_0_,
            product0_.identifier as identifi2_0_,
            product0_.name as name3_0_,
            product0_.price as price4_0_ 
        from
            product product0_ 
        where
            product0_.identifier=?
Hibernate: 
    /* select
        generatedAlias0 
    from
        Product as generatedAlias0 */ select
            product0_.id as id1_0_,
            product0_.identifier as identifi2_0_,
            product0_.name as name3_0_,
            product0_.price as price4_0_ 
        from
            product product0_
Hibernate: 
    /* delete com.myprojects.spring.productstore.product.model.Product */ delete 
        from
            product 
        where
            id=?
Hibernate: 
    /* delete com.myprojects.spring.productstore.product.model.Product */ delete 
        from
            product 
        where
            id=?
Hibernate: 
    /* delete com.myprojects.spring.productstore.product.model.Product */ delete 
        from
            product 
        where
            id=?
Hibernate: 
    call next value for hibernate_sequence
Hibernate: 
    /* insert com.myprojects.spring.productstore.product.model.Product
        */ insert 
        into
            product
            (identifier, name, price, id) 
        values
            (?, ?, ?, ?)
Hibernate: 
    call next value for hibernate_sequence
Hibernate: 
    /* insert com.myprojects.spring.productstore.product.model.Product
        */ insert 
        into
            product
            (identifier, name, price, id) 
        values
            (?, ?, ?, ?)
Hibernate: 
    call next value for hibernate_sequence
Hibernate: 
    /* insert com.myprojects.spring.productstore.product.model.Product
        */ insert 
        into
            product
            (identifier, name, price, id) 
        values
            (?, ?, ?, ?)
Hibernate: 
    /* select
        count(*) 
    from
        Product x */ select
            count(*) as col_0_0_ 
        from
            product product0_
Hibernate: 
    /* select
        generatedAlias0 
    from
        Product as generatedAlias0 */ select
            product0_.id as id1_0_,
            product0_.identifier as identifi2_0_,
            product0_.name as name3_0_,
            product0_.price as price4_0_ 
        from
            product product0_
Hibernate: 
    /* select
        generatedAlias0 
    from
        Product as generatedAlias0 */ select
            product0_.id as id1_0_,
            product0_.identifier as identifi2_0_,
            product0_.name as name3_0_,
            product0_.price as price4_0_ 
        from
            product product0_
Hibernate: 
    /* delete com.myprojects.spring.productstore.product.model.Product */ delete 
        from
            product 
        where
            id=?
Hibernate: 
    /* delete com.myprojects.spring.productstore.product.model.Product */ delete 
        from
            product 
        where
            id=?
Hibernate: 
    /* delete com.myprojects.spring.productstore.product.model.Product */ delete 
        from
            product 
        where
            id=?
Hibernate: 
    call next value for hibernate_sequence
Hibernate: 
    /* insert com.myprojects.spring.productstore.product.model.Product
        */ insert 
        into
            product
            (identifier, name, price, id) 
        values
            (?, ?, ?, ?)
Hibernate: 
    call next value for hibernate_sequence
Hibernate: 
    /* insert com.myprojects.spring.productstore.product.model.Product
        */ insert 
        into
            product
            (identifier, name, price, id) 
        values
            (?, ?, ?, ?)
Hibernate: 
    call next value for hibernate_sequence
Hibernate: 
    /* insert com.myprojects.spring.productstore.product.model.Product
        */ insert 
        into
            product
            (identifier, name, price, id) 
        values
            (?, ?, ?, ?)
Hibernate: 
    call next value for hibernate_sequence
Hibernate: 
    /* insert com.myprojects.spring.productstore.product.model.Product
        */ insert 
        into
            product
            (identifier, name, price, id) 
        values
            (?, ?, ?, ?)
Hibernate: 
    /* select
        generatedAlias0 
    from
        Product as generatedAlias0 */ select
            product0_.id as id1_0_,
            product0_.identifier as identifi2_0_,
            product0_.name as name3_0_,
            product0_.price as price4_0_ 
        from
            product product0_
Hibernate: 
    /* delete com.myprojects.spring.productstore.product.model.Product */ delete 
        from
            product 
        where
            id=?
Hibernate: 
    /* delete com.myprojects.spring.productstore.product.model.Product */ delete 
        from
            product 
        where
            id=?
Hibernate: 
    /* delete com.myprojects.spring.productstore.product.model.Product */ delete 
        from
            product 
        where
            id=?
Hibernate: 
    /* delete com.myprojects.spring.productstore.product.model.Product */ delete 
        from
            product 
        where
            id=?
Hibernate: 
    call next value for hibernate_sequence
Hibernate: 
    /* insert com.myprojects.spring.productstore.product.model.Product
        */ insert 
        into
            product
            (identifier, name, price, id) 
        values
            (?, ?, ?, ?)
Hibernate: 
    call next value for hibernate_sequence
Hibernate: 
    /* insert com.myprojects.spring.productstore.product.model.Product
        */ insert 
        into
            product
            (identifier, name, price, id) 
        values
            (?, ?, ?, ?)
Hibernate: 
    call next value for hibernate_sequence
Hibernate: 
    /* insert com.myprojects.spring.productstore.product.model.Product
        */ insert 
        into
            product
            (identifier, name, price, id) 
        values
            (?, ?, ?, ?)
Hibernate: 
    /* select
        generatedAlias0 
    from
        Product as generatedAlias0 */ select
            product0_.id as id1_0_,
            product0_.identifier as identifi2_0_,
            product0_.name as name3_0_,
            product0_.price as price4_0_ 
        from
            product product0_
Hibernate: 
    /* select
        generatedAlias0 
    from
        Product as generatedAlias0 
    where
        generatedAlias0.identifier=:param0 */ select
            product0_.id as id1_0_,
            product0_.identifier as identifi2_0_,
            product0_.name as name3_0_,
            product0_.price as price4_0_ 
        from
            product product0_ 
        where
            product0_.identifier=?
Hibernate: 
    /* update
        com.myprojects.spring.productstore.product.model.Product */ update
            product 
        set
            identifier=?,
            name=?,
            price=? 
        where
            id=?
Hibernate: 
    /* select
        generatedAlias0 
    from
        Product as generatedAlias0 */ select
            product0_.id as id1_0_,
            product0_.identifier as identifi2_0_,
            product0_.name as name3_0_,
            product0_.price as price4_0_ 
        from
            product product0_
Hibernate: 
    /* delete com.myprojects.spring.productstore.product.model.Product */ delete 
        from
            product 
        where
            id=?
Hibernate: 
    /* delete com.myprojects.spring.productstore.product.model.Product */ delete 
        from
            product 
        where
            id=?
Hibernate: 
    /* delete com.myprojects.spring.productstore.product.model.Product */ delete 
        from
            product 
        where
            id=?
Hibernate: 
    call next value for hibernate_sequence
Hibernate: 
    /* insert com.myprojects.spring.productstore.product.model.Product
        */ insert 
        into
            product
            (identifier, name, price, id) 
        values
            (?, ?, ?, ?)
Hibernate: 
    call next value for hibernate_sequence
Hibernate: 
    /* insert com.myprojects.spring.productstore.product.model.Product
        */ insert 
        into
            product
            (identifier, name, price, id) 
        values
            (?, ?, ?, ?)
Hibernate: 
    call next value for hibernate_sequence
Hibernate: 
    /* insert com.myprojects.spring.productstore.product.model.Product
        */ insert 
        into
            product
            (identifier, name, price, id) 
        values
            (?, ?, ?, ?)
Hibernate: 
    /* select
        count(*) 
    from
        Product x */ select
            count(*) as col_0_0_ 
        from
            product product0_
Hibernate: 
    /* select
        generatedAlias0 
    from
        Product as generatedAlias0 
    order by
        generatedAlias0.name asc */ select
            product0_.id as id1_0_,
            product0_.identifier as identifi2_0_,
            product0_.name as name3_0_,
            product0_.price as price4_0_ 
        from
            product product0_ 
        order by
            product0_.name asc limit ?
Hibernate: 
    /* select
        generatedAlias0 
    from
        Product as generatedAlias0 */ select
            product0_.id as id1_0_,
            product0_.identifier as identifi2_0_,
            product0_.name as name3_0_,
            product0_.price as price4_0_ 
        from
            product product0_
Hibernate: 
    /* delete com.myprojects.spring.productstore.product.model.Product */ delete 
        from
            product 
        where
            id=?
Hibernate: 
    /* delete com.myprojects.spring.productstore.product.model.Product */ delete 
        from
            product 
        where
            id=?
Hibernate: 
    /* delete com.myprojects.spring.productstore.product.model.Product */ delete 
        from
            product 
        where
            id=?
]]></system-out>
  <system-err><![CDATA[]]></system-err>
</testsuite>
