<?xml version="1.0" encoding="UTF-8"?>
<testsuite name="com.myprojects.spring.productstore.product.api.ProductControllerEnd2EndApiTest" tests="5" skipped="0" failures="0" errors="0" timestamp="2018-12-05T22:29:44" hostname="htfmac.lan" time="0.543">
  <properties/>
  <testcase name="verifyAndDocumentReadProductSuccessfully()" classname="com.myprojects.spring.productstore.product.api.ProductControllerEnd2EndApiTest" time="0.11"/>
  <testcase name="verifyAndDocumentReadProductsSuccessfully()" classname="com.myprojects.spring.productstore.product.api.ProductControllerEnd2EndApiTest" time="0.125"/>
  <testcase name="verifyAndDocumentCreateProductSuccessfully()" classname="com.myprojects.spring.productstore.product.api.ProductControllerEnd2EndApiTest" time="0.098"/>
  <testcase name="verifyAndDocumentUpdateProductSuccessfully()" classname="com.myprojects.spring.productstore.product.api.ProductControllerEnd2EndApiTest" time="0.089"/>
  <testcase name="verifyAndDocumentReadProductsSuccessfullyWithPageable()" classname="com.myprojects.spring.productstore.product.api.ProductControllerEnd2EndApiTest" time="0.114"/>
  <system-out><![CDATA[2018-12-05 22:29:42.045  INFO 2124 --- [    Test worker] .b.t.c.SpringBootTestContextBootstrapper : Neither @ContextConfiguration nor @ContextHierarchy found for test class [com.myprojects.spring.productstore.product.api.ProductControllerEnd2EndApiTest], using SpringBootContextLoader
2018-12-05 22:29:42.046  INFO 2124 --- [    Test worker] o.s.t.c.support.AbstractContextLoader    : Could not detect default resource locations for test class [com.myprojects.spring.productstore.product.api.ProductControllerEnd2EndApiTest]: no resource found for suffixes {-context.xml, Context.groovy}.
2018-12-05 22:29:42.047  INFO 2124 --- [    Test worker] t.c.s.AnnotationConfigContextLoaderUtils : Could not detect default configuration classes for test class [com.myprojects.spring.productstore.product.api.ProductControllerEnd2EndApiTest]: ProductControllerEnd2EndApiTest does not declare any static, non-private, non-final, nested classes annotated with @Configuration.
2018-12-05 22:29:42.072  INFO 2124 --- [    Test worker] .b.t.c.SpringBootTestContextBootstrapper : Found @SpringBootConfiguration com.myprojects.spring.productstore.StoreApplication for test class com.myprojects.spring.productstore.product.api.ProductControllerEnd2EndApiTest
2018-12-05 22:29:42.074  INFO 2124 --- [    Test worker] .b.t.c.SpringBootTestContextBootstrapper : Loaded default TestExecutionListener class names from location [META-INF/spring.factories]: [org.springframework.boot.test.autoconfigure.restdocs.RestDocsTestExecutionListener, org.springframework.boot.test.autoconfigure.web.client.MockRestServiceServerResetTestExecutionListener, org.springframework.boot.test.autoconfigure.web.servlet.MockMvcPrintOnlyOnFailureTestExecutionListener, org.springframework.boot.test.autoconfigure.web.servlet.WebDriverTestExecutionListener, org.springframework.boot.test.mock.mockito.MockitoTestExecutionListener, org.springframework.boot.test.mock.mockito.ResetMocksTestExecutionListener, org.springframework.test.context.web.ServletTestExecutionListener, org.springframework.test.context.support.DirtiesContextBeforeModesTestExecutionListener, org.springframework.test.context.support.DependencyInjectionTestExecutionListener, org.springframework.test.context.support.DirtiesContextTestExecutionListener, org.springframework.test.context.transaction.TransactionalTestExecutionListener, org.springframework.test.context.jdbc.SqlScriptsTestExecutionListener]
2018-12-05 22:29:42.075  INFO 2124 --- [    Test worker] .b.t.c.SpringBootTestContextBootstrapper : Using TestExecutionListeners: [org.springframework.test.context.web.ServletTestExecutionListener@54335596, org.springframework.test.context.support.DirtiesContextBeforeModesTestExecutionListener@3aca7a93, org.springframework.boot.test.mock.mockito.MockitoTestExecutionListener@b15f73a, org.springframework.boot.test.autoconfigure.SpringBootDependencyInjectionTestExecutionListener@6b177b5e, org.springframework.test.context.support.DirtiesContextTestExecutionListener@25c61c4f, org.springframework.test.context.transaction.TransactionalTestExecutionListener@4c31f486, org.springframework.test.context.jdbc.SqlScriptsTestExecutionListener@68b9761d, org.springframework.boot.test.autoconfigure.restdocs.RestDocsTestExecutionListener@38243ddf, org.springframework.boot.test.autoconfigure.web.client.MockRestServiceServerResetTestExecutionListener@2d957af0, org.springframework.boot.test.autoconfigure.web.servlet.MockMvcPrintOnlyOnFailureTestExecutionListener@6ec33e00, org.springframework.boot.test.autoconfigure.web.servlet.WebDriverTestExecutionListener@4d69a45b, org.springframework.boot.test.mock.mockito.ResetMocksTestExecutionListener@54bab2ec]

  .   ____          _            __ _ _
 /\\ / ___'_ __ _ _(_)_ __  __ _ \ \ \ \
( ( )\___ | '_ | '_| | '_ \/ _` | \ \ \ \
 \\/  ___)| |_)| | | | | || (_| |  ) ) ) )
  '  |____| .__|_| |_|_| |_\__, | / / / /
 =========|_|==============|___/=/_/_/_/
 :: Spring Boot ::        (v2.1.1.RELEASE)

2018-12-05 22:29:42.141  INFO 2124 --- [    Test worker] .s.p.p.a.ProductControllerEnd2EndApiTest : Starting ProductControllerEnd2EndApiTest on htfmac.lan with PID 2124 (started by htfonseca in /Users/htfonseca/Documents/MyProjects/spring/productstore)
2018-12-05 22:29:42.142  INFO 2124 --- [    Test worker] .s.p.p.a.ProductControllerEnd2EndApiTest : No active profile set, falling back to default profiles: default
2018-12-05 22:29:42.621  INFO 2124 --- [    Test worker] .s.d.r.c.RepositoryConfigurationDelegate : Bootstrapping Spring Data repositories in DEFAULT mode.
2018-12-05 22:29:42.649  INFO 2124 --- [    Test worker] .s.d.r.c.RepositoryConfigurationDelegate : Finished Spring Data repository scanning in 27ms. Found 2 repository interfaces.
2018-12-05 22:29:42.806  INFO 2124 --- [    Test worker] trationDelegate$BeanPostProcessorChecker : Bean 'org.springframework.transaction.annotation.ProxyTransactionManagementConfiguration' of type [org.springframework.transaction.annotation.ProxyTransactionManagementConfiguration$$EnhancerBySpringCGLIB$$39033de6] is not eligible for getting processed by all BeanPostProcessors (for example: not eligible for auto-proxying)
2018-12-05 22:29:42.830  INFO 2124 --- [    Test worker] trationDelegate$BeanPostProcessorChecker : Bean 'org.springframework.hateoas.config.HateoasConfiguration' of type [org.springframework.hateoas.config.HateoasConfiguration$$EnhancerBySpringCGLIB$$b8838b18] is not eligible for getting processed by all BeanPostProcessors (for example: not eligible for auto-proxying)
2018-12-05 22:29:42.977  INFO 2124 --- [    Test worker] com.zaxxer.hikari.HikariDataSource       : HikariPool-2 - Starting...
2018-12-05 22:29:42.978  INFO 2124 --- [    Test worker] com.zaxxer.hikari.HikariDataSource       : HikariPool-2 - Start completed.
2018-12-05 22:29:43.031  INFO 2124 --- [    Test worker] o.hibernate.jpa.internal.util.LogHelper  : HHH000204: Processing PersistenceUnitInfo [
	name: default
	...]
2018-12-05 22:29:43.039  INFO 2124 --- [    Test worker] org.hibernate.dialect.Dialect            : HHH000400: Using dialect: org.hibernate.dialect.H2Dialect
Hibernate: 
    
    alter table product 
       drop constraint if exists UK_Product_Identifier
Hibernate: 
    
    alter table product 
       add constraint UK_Product_Identifier unique (identifier)
Hibernate: 
    
    alter table product_order 
       drop constraint if exists ProductOrder
Hibernate: 
    
    alter table product_order 
       add constraint ProductOrder unique (identifier)
2018-12-05 22:29:43.190  INFO 2124 --- [    Test worker] j.LocalContainerEntityManagerFactoryBean : Initialized JPA EntityManagerFactory for persistence unit 'default'
2018-12-05 22:29:43.875  INFO 2124 --- [    Test worker] o.s.s.concurrent.ThreadPoolTaskExecutor  : Initializing ExecutorService 'applicationTaskExecutor'
2018-12-05 22:29:43.905  WARN 2124 --- [    Test worker] aWebConfiguration$JpaWebMvcConfiguration : spring.jpa.open-in-view is enabled by default. Therefore, database queries may be performed during view rendering. Explicitly configure spring.jpa.open-in-view to disable this warning
2018-12-05 22:29:44.576  INFO 2124 --- [    Test worker] o.s.b.t.m.w.SpringBootMockServletContext : Initializing Spring TestDispatcherServlet ''
2018-12-05 22:29:44.576  INFO 2124 --- [    Test worker] o.s.t.web.servlet.TestDispatcherServlet  : Initializing Servlet ''
2018-12-05 22:29:44.590  INFO 2124 --- [    Test worker] o.s.t.web.servlet.TestDispatcherServlet  : Completed initialization in 14 ms
2018-12-05 22:29:44.619  INFO 2124 --- [    Test worker] .s.p.p.a.ProductControllerEnd2EndApiTest : Started ProductControllerEnd2EndApiTest in 2.541 seconds (JVM running for 15.92)
Hibernate: 
    call next value for hibernate_sequence
Hibernate: 
    /* insert com.myprojects.spring.productstore.product.model.Product
        */ insert 
        into
            product
            (identifier, name, price, id) 
        values
            (?, ?, ?, ?)
Hibernate: 
    call next value for hibernate_sequence
Hibernate: 
    /* insert com.myprojects.spring.productstore.product.model.Product
        */ insert 
        into
            product
            (identifier, name, price, id) 
        values
            (?, ?, ?, ?)
Hibernate: 
    call next value for hibernate_sequence
Hibernate: 
    /* insert com.myprojects.spring.productstore.product.model.Product
        */ insert 
        into
            product
            (identifier, name, price, id) 
        values
            (?, ?, ?, ?)
2018-12-05 22:29:44.661  INFO 2124 --- [    Test worker] o.h.h.i.QueryTranslatorFactoryInitiator  : HHH000397: Using ASTQueryTranslatorFactory
Hibernate: 
    /* select
        generatedAlias0 
    from
        Product as generatedAlias0 */ select
            product0_.id as id1_0_,
            product0_.identifier as identifi2_0_,
            product0_.name as name3_0_,
            product0_.price as price4_0_ 
        from
            product product0_
Hibernate: 
    /* select
        generatedAlias0 
    from
        Product as generatedAlias0 
    where
        generatedAlias0.identifier=:param0 */ select
            product0_.id as id1_0_,
            product0_.identifier as identifi2_0_,
            product0_.name as name3_0_,
            product0_.price as price4_0_ 
        from
            product product0_ 
        where
            product0_.identifier=?
Hibernate: 
    /* select
        generatedAlias0 
    from
        Product as generatedAlias0 */ select
            product0_.id as id1_0_,
            product0_.identifier as identifi2_0_,
            product0_.name as name3_0_,
            product0_.price as price4_0_ 
        from
            product product0_
Hibernate: 
    /* delete com.myprojects.spring.productstore.product.model.Product */ delete 
        from
            product 
        where
            id=?
Hibernate: 
    /* delete com.myprojects.spring.productstore.product.model.Product */ delete 
        from
            product 
        where
            id=?
Hibernate: 
    /* delete com.myprojects.spring.productstore.product.model.Product */ delete 
        from
            product 
        where
            id=?
Hibernate: 
    call next value for hibernate_sequence
Hibernate: 
    /* insert com.myprojects.spring.productstore.product.model.Product
        */ insert 
        into
            product
            (identifier, name, price, id) 
        values
            (?, ?, ?, ?)
Hibernate: 
    call next value for hibernate_sequence
Hibernate: 
    /* insert com.myprojects.spring.productstore.product.model.Product
        */ insert 
        into
            product
            (identifier, name, price, id) 
        values
            (?, ?, ?, ?)
Hibernate: 
    call next value for hibernate_sequence
Hibernate: 
    /* insert com.myprojects.spring.productstore.product.model.Product
        */ insert 
        into
            product
            (identifier, name, price, id) 
        values
            (?, ?, ?, ?)
Hibernate: 
    /* select
        count(*) 
    from
        Product x */ select
            count(*) as col_0_0_ 
        from
            product product0_
Hibernate: 
    /* select
        generatedAlias0 
    from
        Product as generatedAlias0 */ select
            product0_.id as id1_0_,
            product0_.identifier as identifi2_0_,
            product0_.name as name3_0_,
            product0_.price as price4_0_ 
        from
            product product0_
Hibernate: 
    /* select
        generatedAlias0 
    from
        Product as generatedAlias0 */ select
            product0_.id as id1_0_,
            product0_.identifier as identifi2_0_,
            product0_.name as name3_0_,
            product0_.price as price4_0_ 
        from
            product product0_
Hibernate: 
    /* delete com.myprojects.spring.productstore.product.model.Product */ delete 
        from
            product 
        where
            id=?
Hibernate: 
    /* delete com.myprojects.spring.productstore.product.model.Product */ delete 
        from
            product 
        where
            id=?
Hibernate: 
    /* delete com.myprojects.spring.productstore.product.model.Product */ delete 
        from
            product 
        where
            id=?
Hibernate: 
    call next value for hibernate_sequence
Hibernate: 
    /* insert com.myprojects.spring.productstore.product.model.Product
        */ insert 
        into
            product
            (identifier, name, price, id) 
        values
            (?, ?, ?, ?)
Hibernate: 
    call next value for hibernate_sequence
Hibernate: 
    /* insert com.myprojects.spring.productstore.product.model.Product
        */ insert 
        into
            product
            (identifier, name, price, id) 
        values
            (?, ?, ?, ?)
Hibernate: 
    call next value for hibernate_sequence
Hibernate: 
    /* insert com.myprojects.spring.productstore.product.model.Product
        */ insert 
        into
            product
            (identifier, name, price, id) 
        values
            (?, ?, ?, ?)
Hibernate: 
    call next value for hibernate_sequence
Hibernate: 
    /* insert com.myprojects.spring.productstore.product.model.Product
        */ insert 
        into
            product
            (identifier, name, price, id) 
        values
            (?, ?, ?, ?)
Hibernate: 
    /* select
        generatedAlias0 
    from
        Product as generatedAlias0 */ select
            product0_.id as id1_0_,
            product0_.identifier as identifi2_0_,
            product0_.name as name3_0_,
            product0_.price as price4_0_ 
        from
            product product0_
Hibernate: 
    /* delete com.myprojects.spring.productstore.product.model.Product */ delete 
        from
            product 
        where
            id=?
Hibernate: 
    /* delete com.myprojects.spring.productstore.product.model.Product */ delete 
        from
            product 
        where
            id=?
Hibernate: 
    /* delete com.myprojects.spring.productstore.product.model.Product */ delete 
        from
            product 
        where
            id=?
Hibernate: 
    /* delete com.myprojects.spring.productstore.product.model.Product */ delete 
        from
            product 
        where
            id=?
Hibernate: 
    call next value for hibernate_sequence
Hibernate: 
    /* insert com.myprojects.spring.productstore.product.model.Product
        */ insert 
        into
            product
            (identifier, name, price, id) 
        values
            (?, ?, ?, ?)
Hibernate: 
    call next value for hibernate_sequence
Hibernate: 
    /* insert com.myprojects.spring.productstore.product.model.Product
        */ insert 
        into
            product
            (identifier, name, price, id) 
        values
            (?, ?, ?, ?)
Hibernate: 
    call next value for hibernate_sequence
Hibernate: 
    /* insert com.myprojects.spring.productstore.product.model.Product
        */ insert 
        into
            product
            (identifier, name, price, id) 
        values
            (?, ?, ?, ?)
Hibernate: 
    /* select
        generatedAlias0 
    from
        Product as generatedAlias0 */ select
            product0_.id as id1_0_,
            product0_.identifier as identifi2_0_,
            product0_.name as name3_0_,
            product0_.price as price4_0_ 
        from
            product product0_
Hibernate: 
    /* select
        generatedAlias0 
    from
        Product as generatedAlias0 
    where
        generatedAlias0.identifier=:param0 */ select
            product0_.id as id1_0_,
            product0_.identifier as identifi2_0_,
            product0_.name as name3_0_,
            product0_.price as price4_0_ 
        from
            product product0_ 
        where
            product0_.identifier=?
Hibernate: 
    /* update
        com.myprojects.spring.productstore.product.model.Product */ update
            product 
        set
            identifier=?,
            name=?,
            price=? 
        where
            id=?
Hibernate: 
    /* select
        generatedAlias0 
    from
        Product as generatedAlias0 */ select
            product0_.id as id1_0_,
            product0_.identifier as identifi2_0_,
            product0_.name as name3_0_,
            product0_.price as price4_0_ 
        from
            product product0_
Hibernate: 
    /* delete com.myprojects.spring.productstore.product.model.Product */ delete 
        from
            product 
        where
            id=?
Hibernate: 
    /* delete com.myprojects.spring.productstore.product.model.Product */ delete 
        from
            product 
        where
            id=?
Hibernate: 
    /* delete com.myprojects.spring.productstore.product.model.Product */ delete 
        from
            product 
        where
            id=?
Hibernate: 
    call next value for hibernate_sequence
Hibernate: 
    /* insert com.myprojects.spring.productstore.product.model.Product
        */ insert 
        into
            product
            (identifier, name, price, id) 
        values
            (?, ?, ?, ?)
Hibernate: 
    call next value for hibernate_sequence
Hibernate: 
    /* insert com.myprojects.spring.productstore.product.model.Product
        */ insert 
        into
            product
            (identifier, name, price, id) 
        values
            (?, ?, ?, ?)
Hibernate: 
    call next value for hibernate_sequence
Hibernate: 
    /* insert com.myprojects.spring.productstore.product.model.Product
        */ insert 
        into
            product
            (identifier, name, price, id) 
        values
            (?, ?, ?, ?)
Hibernate: 
    /* select
        count(*) 
    from
        Product x */ select
            count(*) as col_0_0_ 
        from
            product product0_
Hibernate: 
    /* select
        generatedAlias0 
    from
        Product as generatedAlias0 
    order by
        generatedAlias0.name asc */ select
            product0_.id as id1_0_,
            product0_.identifier as identifi2_0_,
            product0_.name as name3_0_,
            product0_.price as price4_0_ 
        from
            product product0_ 
        order by
            product0_.name asc limit ?
Hibernate: 
    /* select
        generatedAlias0 
    from
        Product as generatedAlias0 */ select
            product0_.id as id1_0_,
            product0_.identifier as identifi2_0_,
            product0_.name as name3_0_,
            product0_.price as price4_0_ 
        from
            product product0_
Hibernate: 
    /* delete com.myprojects.spring.productstore.product.model.Product */ delete 
        from
            product 
        where
            id=?
Hibernate: 
    /* delete com.myprojects.spring.productstore.product.model.Product */ delete 
        from
            product 
        where
            id=?
Hibernate: 
    /* delete com.myprojects.spring.productstore.product.model.Product */ delete 
        from
            product 
        where
            id=?
]]></system-out>
  <system-err><![CDATA[]]></system-err>
</testsuite>
